<?xml version="1.0" encoding="UTF-8"?>
<!-- Generated by org.testng.reporters.JUnitReportReporter -->
<testsuite hostname="Lazy" failures="0" tests="1" name="Test_Runner.tests" time="8.732" errors="0" timestamp="18 Nov 2024 09:25:55 GMT">
  <testcase classname="Test_Runner.tests" name="Automation_Tests" time="8.732"/>
</testsuite> <!-- Test_Runner.tests -->
